
Chromatic CLI v9.0.0
https://www.chromatic.com/docs/cli

Authenticating with Chromatic
    → Connecting to https://index.chromatic.com
Authenticated with Chromatic
    → Using project token '****************bfe8'
Retrieving git information
Retrieved git information
    → Commit '3de07db' on branch 'main'; no ancestor found
Collecting Storybook metadata
Collected Storybook metadata
    → Storybook 7.5.3 for React; using the @storybook/react-webpack5 builder (7.5.3); supported addons found: Links, Essentials, Interactions
Initializing build
Initialized build
    → Build 1 initialized
Building your Storybook
    → Running command: yarn run build-storybook --output-dir /var/folders/gc/ky_9nr9x0g3ct8t1kz865cb00000gn/T/chromatic--83040-5vDqZe3r176H
Storybook built in 7 seconds
    → View build log at /Users/keithrichards/Documents/Projects/locofystory/locofyapp/build-storybook.log
Publish your built Storybook
    → Validating Storybook files
Publishing your built Storybook
    → Retrieving target location
    → Starting publish
    → [                    ] 1%
    → [=                   ] 7%
    → [==                  ] 11%
    → [===                 ] 17%
    → [====                ] 20%
    → [=======             ] 34%
    → [========            ] 38%
    → [========            ] 41%
    → [==========          ] 51%
    → [==========          ] 52%
    → [===========         ] 53%
    → [===========         ] 54%
    → [===========         ] 55%
    → [===========         ] 56%
    → [============        ] 59%
    → [============        ] 61%
    → [============        ] 62%
    → [=============       ] 65%
    → [=============       ] 67%
    → [==============      ] 70%
    → [==============      ] 71%
    → [===============     ] 76%
    → [================    ] 78%
    → [================    ] 79%
    → [================    ] 80%
    → [================    ] 82%
    → [=================   ] 83%
    → [=================   ] 85%
    → [=================   ] 87%
    → [==================  ] 89%
    → [==================  ] 90%
    → [=================== ] 93%
    → [=================== ] 94%
    → [=================== ] 97%
    → [====================] 98%
    → [====================] 99%
    → [====================] 100%
Publish complete in 7 seconds
    → View your Storybook at https://65523458d05308328cfb84bd-tyegfuzufq.chromatic.com
Verifying your Storybook
    → This may take a few minutes
Started build 1
    → Continue setup at https://www.chromatic.com/setup?appId=65523458d05308328cfb84bd
Running 8 tests
    → This may take a few minutes
ℹ Speed up Continuous Integration
Your project is linked to GitHub so Chromatic will report results there.
This means you can pass the --exit-once-uploaded flag to skip waiting for build results.
Read more here: https://www.chromatic.com/docs/cli#chromatic-options
    → [========            ] 3/8  Button › Large 
    → [==========          ] 4/8  Button › Small 
    → [=============       ] 5/8  Header › Logged In 
    → [===============     ] 6/8  Header › Logged Out 
    → [==================  ] 7/8  Page › Logged Out 
    → [====================] 8/8  Page › Logged In 
✔ Build passed. Welcome to Chromatic!
We found 3 components with 8 stories and took 8 snapshots.
ℹ Please continue setup at https://www.chromatic.com/setup?appId=65523458d05308328cfb84bd
Build 1 auto-accepted
    → Tested 8 stories across 3 components; captured 8 snapshots in 11 seconds


